Session started: Mon May  5 22:49:20 2025
[Mon May  5 22:49:20 2025
] Encountered monster: Goblin
[Mon May  5 22:49:20 2025
] Hero attacks Goblin for 10 damage!

[Mon May  5 22:49:20 2025
] Goblin suffered 10 damage
[Mon May  5 22:49:21 2025
] Goblin attacks Hero for 15 damage!

[Mon May  5 22:49:21 2025
] Hero suffered 10 damage
[Mon May  5 22:49:21 2025
] Hero attacks Goblin for 10 damage!

[Mon May  5 22:49:21 2025
] Goblin suffered 10 damage
[Mon May  5 22:49:22 2025
] Goblin attacks Hero for 15 damage!

[Mon May  5 22:49:22 2025
] Hero suffered 10 damage
[Mon May  5 22:49:23 2025
] Hero attacks Goblin for 10 damage!

[Mon May  5 22:49:23 2025
] Goblin suffered 10 damage
[Mon May  5 22:49:23 2025
] Goblin attacks Hero for 15 damage!

[Mon May  5 22:49:23 2025
] Hero suffered 10 damage
[Mon May  5 22:49:24 2025
] Hero attacks Goblin for 10 damage!

[Mon May  5 22:49:24 2025
] Goblin suffered 10 damage
[Mon May  5 22:49:24 2025
] Goblin attacks Hero for 15 damage!

[Mon May  5 22:49:24 2025
] Hero suffered 10 damage
[Mon May  5 22:49:25 2025
] Critical Hit! Hero strikes Goblin for 18 damage!

[Mon May  5 22:49:25 2025
] Goblin suffered 18 damage
[Mon May  5 22:49:25 2025
] Hero defeated Goblin
Session started: Mon May  5 22:49:44 2025
[Mon May  5 22:49:44 2025
] Encountered monster: Goblin
[Mon May  5 22:49:44 2025
] Hero attacks Goblin for 10 damage!

[Mon May  5 22:49:44 2025
] Goblin suffered 10 damage
[Mon May  5 22:49:44 2025
] Goblin attacks Hero for 15 damage!

[Mon May  5 22:49:44 2025
] Hero suffered 10 damage
[Mon May  5 22:49:45 2025
] Critical Hit! Hero strikes Goblin for 18 damage!

[Mon May  5 22:49:45 2025
] Goblin suffered 18 damage
[Mon May  5 22:49:45 2025
] Goblin attacks Hero for 15 damage!

[Mon May  5 22:49:45 2025
] Hero suffered 10 damage
[Mon May  5 22:49:46 2025
] Hero attacks Goblin for 10 damage!

[Mon May  5 22:49:46 2025
] Goblin suffered 10 damage
[Mon May  5 22:49:46 2025
] Goblin attacks Hero for 15 damage!

[Mon May  5 22:49:46 2025
] Hero suffered 10 damage
[Mon May  5 22:49:47 2025
] Hero attacks Goblin for 10 damage!

[Mon May  5 22:49:47 2025
] Goblin suffered 10 damage
[Mon May  5 22:49:47 2025
] Goblin attacks Hero for 15 damage!

[Mon May  5 22:49:47 2025
] Hero suffered 10 damage
[Mon May  5 22:49:48 2025
] Hero attacks Goblin for 10 damage!

[Mon May  5 22:49:48 2025
] Goblin suffered 10 damage
[Mon May  5 22:49:49 2025
] Hero defeated Goblin
Session started: Mon May  5 22:50:07 2025
[Mon May  5 22:50:07 2025
] Encountered monster: Goblin
[Mon May  5 22:50:07 2025
] Critical Hit! Hero strikes Goblin for 18 damage!

[Mon May  5 22:50:07 2025
] Goblin suffered 18 damage
[Mon May  5 22:50:08 2025
] Goblin attacks Hero for 15 damage!

[Mon May  5 22:50:08 2025
] Hero suffered 10 damage
[Mon May  5 22:50:08 2025
] Critical Hit! Hero strikes Goblin for 18 damage!

[Mon May  5 22:50:08 2025
] Goblin suffered 18 damage
[Mon May  5 22:50:09 2025
] Goblin attacks Hero for 15 damage!

[Mon May  5 22:50:09 2025
] Hero suffered 10 damage
[Mon May  5 22:50:10 2025
] Hero attacks Goblin for 10 damage!

[Mon May  5 22:50:10 2025
] Goblin suffered 10 damage
[Mon May  5 22:50:10 2025
] Goblin attacks Hero for 15 damage!

[Mon May  5 22:50:10 2025
] Hero suffered 10 damage
[Mon May  5 22:50:11 2025
] Hero attacks Goblin for 10 damage!

[Mon May  5 22:50:11 2025
] Goblin suffered 10 damage
[Mon May  5 22:50:11 2025
] Hero defeated Goblin
Session started: Mon May  5 22:50:34 2025
[Mon May  5 22:50:34 2025
] Encountered monster: Goblin
[Mon May  5 22:50:34 2025
] Critical Hit! Hero strikes Goblin for 18 damage!

[Mon May  5 22:50:34 2025
] Goblin suffered 18 damage
[Mon May  5 22:50:35 2025
] Goblin attacks Hero for 15 damage!

[Mon May  5 22:50:35 2025
] Hero suffered 10 damage
[Mon May  5 22:50:35 2025
] Critical Hit! Hero strikes Goblin for 18 damage!

[Mon May  5 22:50:35 2025
] Goblin suffered 18 damage
[Mon May  5 22:50:36 2025
] Devastating Blow! Goblin hits Hero for 33 damage!

[Mon May  5 22:50:36 2025
] Hero suffered 28 damage
[Mon May  5 22:50:36 2025
] Hero attacks Goblin for 10 damage!

[Mon May  5 22:50:36 2025
] Goblin suffered 10 damage
[Mon May  5 22:50:37 2025
] Goblin attacks Hero for 15 damage!

[Mon May  5 22:50:37 2025
] Hero suffered 10 damage
[Mon May  5 22:50:37 2025
] Hero attacks Goblin for 10 damage!

[Mon May  5 22:50:37 2025
] Goblin suffered 10 damage
Session started: Mon May  5 22:52:55 2025
[Mon May  5 22:52:55 2025
] Encountered monster: Goblin
[Mon May  5 22:52:58 2025
] Hero attacks Goblin for 10 damage!

[Mon May  5 22:52:58 2025
] Goblin suffered 10 damage
[Mon May  5 22:52:58 2025
] Goblin attacks Hero for 15 damage!

[Mon May  5 22:52:58 2025
] Hero suffered 10 damage
[Mon May  5 22:52:59 2025
] Hero attacks Goblin for 10 damage!

[Mon May  5 22:52:59 2025
] Goblin suffered 10 damage
[Mon May  5 22:52:59 2025
] Goblin attacks Hero for 15 damage!

[Mon May  5 22:52:59 2025
] Hero suffered 10 damage
[Mon May  5 22:53:00 2025
] Hero attacks Goblin for 10 damage!

[Mon May  5 22:53:00 2025
] Goblin suffered 10 damage
[Mon May  5 22:53:00 2025
] Goblin attacks Hero for 15 damage!

[Mon May  5 22:53:00 2025
] Hero suffered 10 damage
[Mon May  5 22:53:01 2025
] Hero attacks Goblin for 10 damage!

[Mon May  5 22:53:01 2025
] Goblin suffered 10 damage
[Mon May  5 22:53:01 2025
] Goblin attacks Hero for 15 damage!

[Mon May  5 22:53:01 2025
] Hero suffered 10 damage
[Mon May  5 22:53:02 2025
] Critical Hit! Hero strikes Goblin for 18 damage!

[Mon May  5 22:53:02 2025
] Goblin suffered 18 damage
[Mon May  5 22:53:03 2025
] Hero defeated Goblin
Session started: Mon May  5 22:54:03 2025
[Mon May  5 22:54:03 2025
] Encountered monster: Goblin
[Mon May  5 22:54:14 2025
] Game saved to savegame.txt
[Mon May  5 22:54:16 2025
] Hero recovered 0 health

[Mon May  5 22:54:16 2025
] Game loaded from savegame.txt
[Mon May  5 22:54:19 2025
] Hero attacks Goblin for 10 damage!

[Mon May  5 22:54:19 2025
] Goblin suffered 10 damage
[Mon May  5 22:54:19 2025
] Goblin attacks Hero for 15 damage!

[Mon May  5 22:54:19 2025
] Hero suffered 10 damage
[Mon May  5 22:54:20 2025
] Hero attacks Goblin for 10 damage!

[Mon May  5 22:54:20 2025
] Goblin suffered 10 damage
[Mon May  5 22:54:20 2025
] Goblin attacks Hero for 15 damage!

[Mon May  5 22:54:20 2025
] Hero suffered 10 damage
[Mon May  5 22:54:21 2025
] Critical Hit! Hero strikes Goblin for 18 damage!

[Mon May  5 22:54:21 2025
] Goblin suffered 18 damage
[Mon May  5 22:54:21 2025
] Devastating Blow! Goblin hits Hero for 33 damage!

[Mon May  5 22:54:21 2025
] Hero suffered 28 damage
[Mon May  5 22:54:22 2025
] Hero attacks Goblin for 10 damage!

[Mon May  5 22:54:22 2025
] Goblin suffered 10 damage
[Mon May  5 22:54:22 2025
] Goblin attacks Hero for 15 damage!

[Mon May  5 22:54:22 2025
] Hero suffered 10 damage
[Mon May  5 22:54:23 2025
] Critical Hit! Hero strikes Goblin for 18 damage!

[Mon May  5 22:54:23 2025
] Goblin suffered 18 damage
[Mon May  5 22:54:24 2025
] Hero defeated Goblin
Session started: Mon May  5 22:55:37 2025
[Mon May  5 22:55:37 2025
] Encountered monster: Goblin
Session started: Mon May  5 22:55:52 2025
[Mon May  5 22:55:52 2025
] Encountered monster: Goblin
[Mon May  5 22:55:54 2025
] Hero attacks Goblin for 10 damage!

[Mon May  5 22:55:54 2025
] Goblin suffered 10 damage
[Mon May  5 22:55:54 2025
] Devastating Blow! Goblin hits Hero for 33 damage!

[Mon May  5 22:55:54 2025
] Hero suffered 28 damage
[Mon May  5 22:55:55 2025
] Critical Hit! Hero strikes Goblin for 18 damage!

[Mon May  5 22:55:55 2025
] Goblin suffered 18 damage
[Mon May  5 22:55:56 2025
] Goblin attacks Hero for 15 damage!

[Mon May  5 22:55:56 2025
] Hero suffered 10 damage
[Mon May  5 22:55:56 2025
] Hero attacks Goblin for 10 damage!

[Mon May  5 22:55:56 2025
] Goblin suffered 10 damage
[Mon May  5 22:55:57 2025
] Goblin attacks Hero for 15 damage!

[Mon May  5 22:55:57 2025
] Hero suffered 10 damage
[Mon May  5 22:55:57 2025
] Hero attacks Goblin for 10 damage!

[Mon May  5 22:55:57 2025
] Goblin suffered 10 damage
[Mon May  5 22:55:58 2025
] Goblin attacks Hero for 15 damage!

[Mon May  5 22:55:58 2025
] Hero suffered 10 damage
[Mon May  5 22:55:58 2025
] Hero attacks Goblin for 10 damage!

[Mon May  5 22:55:58 2025
] Goblin suffered 10 damage
[Mon May  5 22:55:59 2025
] Hero defeated Goblin
[Mon May  5 22:55:59 2025
] Monster Goblin removed from game. Remaining monsters: 0
Session started: Mon May  5 22:56:18 2025
[Mon May  5 22:56:18 2025
] Encountered monster: Goblin
[Mon May  5 22:56:21 2025
] Hero attacks Goblin for 10 damage!

[Mon May  5 22:56:21 2025
] Goblin suffered 10 damage
[Mon May  5 22:56:21 2025
] Goblin attacks Hero for 15 damage!

[Mon May  5 22:56:21 2025
] Hero suffered 10 damage
[Mon May  5 22:56:22 2025
] Hero attacks Goblin for 10 damage!

[Mon May  5 22:56:22 2025
] Goblin suffered 10 damage
[Mon May  5 22:56:22 2025
] Goblin attacks Hero for 15 damage!

[Mon May  5 22:56:22 2025
] Hero suffered 10 damage
[Mon May  5 22:56:23 2025
] Hero attacks Goblin for 10 damage!

[Mon May  5 22:56:23 2025
] Goblin suffered 10 damage
Session started: Mon May  5 23:00:41 2025
[Mon May  5 23:00:41 2025
] Encountered monster: Goblin
[Mon May  5 23:00:44 2025
] Encountered monster: Skeleton
[Mon May  5 23:00:48 2025
] Hero attacks Goblin for 10 damage!

[Mon May  5 23:00:48 2025
] Goblin suffered 10 damage
[Mon May  5 23:00:48 2025
] Goblin attacks Hero for 15 damage!

[Mon May  5 23:00:48 2025
] Hero suffered 10 damage
[Mon May  5 23:00:49 2025
] Hero attacks Goblin for 10 damage!

[Mon May  5 23:00:49 2025
] Goblin suffered 10 damage
[Mon May  5 23:00:49 2025
] Goblin attacks Hero for 15 damage!

[Mon May  5 23:00:49 2025
] Hero suffered 10 damage
[Mon May  5 23:00:50 2025
] Hero attacks Goblin for 10 damage!

[Mon May  5 23:00:50 2025
] Goblin suffered 10 damage
[Mon May  5 23:00:50 2025
] Devastating Blow! Goblin hits Hero for 33 damage!

[Mon May  5 23:00:50 2025
] Hero suffered 28 damage
[Mon May  5 23:00:51 2025
] Hero attacks Goblin for 10 damage!

[Mon May  5 23:00:51 2025
] Goblin suffered 10 damage
[Mon May  5 23:00:51 2025
] Goblin attacks Hero for 15 damage!

[Mon May  5 23:00:51 2025
] Hero suffered 10 damage
[Mon May  5 23:00:52 2025
] Hero attacks Goblin for 10 damage!

[Mon May  5 23:00:52 2025
] Goblin suffered 10 damage
[Mon May  5 23:00:52 2025
] Hero defeated Goblin
[Mon May  5 23:00:52 2025
] Monster Goblin removed from game. Remaining monsters: 1
Session started: Mon May  5 23:11:31 2025
[Mon May  5 23:11:31 2025
] Encountered monster: Goblin
[Mon May  5 23:11:33 2025
] Hero attacks Goblin for 10 damage!

[Mon May  5 23:11:33 2025
] Goblin suffered 10 damage
[Mon May  5 23:11:33 2025
] Goblin attacks Hero for 15 damage!

[Mon May  5 23:11:33 2025
] Hero suffered 10 damage
[Mon May  5 23:11:34 2025
] Hero attacks Goblin for 10 damage!

[Mon May  5 23:11:34 2025
] Goblin suffered 10 damage
[Mon May  5 23:11:34 2025
] Goblin attacks Hero for 15 damage!

[Mon May  5 23:11:34 2025
] Hero suffered 10 damage
[Mon May  5 23:11:35 2025
] Hero attacks Goblin for 10 damage!

[Mon May  5 23:11:35 2025
] Goblin suffered 10 damage
[Mon May  5 23:11:35 2025
] Goblin attacks Hero for 15 damage!

[Mon May  5 23:11:35 2025
] Hero suffered 10 damage
[Mon May  5 23:11:36 2025
] Hero attacks Goblin for 10 damage!

[Mon May  5 23:11:36 2025
] Goblin suffered 10 damage
[Mon May  5 23:11:36 2025
] Goblin attacks Hero for 15 damage!

[Mon May  5 23:11:36 2025
] Hero suffered 10 damage
[Mon May  5 23:11:37 2025
] Hero attacks Goblin for 10 damage!

[Mon May  5 23:11:37 2025
] Goblin suffered 10 damage
[Mon May  5 23:11:38 2025
] Hero defeated Goblin
[Mon May  5 23:11:38 2025
] Hero stored Defense Potion in inventory.
[Mon May  5 23:11:38 2025
] Monster Goblin removed from game. Remaining monsters: 0
[Mon May  5 23:11:48 2025
] Hero defense increased by 5

[Mon May  5 23:11:48 2025
] Hero discarded Defense Potion from inventory.
Session started: Mon May  5 23:12:06 2025
[Mon May  5 23:12:06 2025
] Encountered monster: Goblin
Session started: Mon May  5 23:14:18 2025
[Mon May  5 23:14:18 2025
] Encountered monster: Goblin
[Mon May  5 23:14:21 2025
] Hero attacks Goblin for 10 damage!

[Mon May  5 23:14:21 2025
] Goblin suffered 10 damage
[Mon May  5 23:14:21 2025
] Goblin attacks Hero for 15 damage!

[Mon May  5 23:14:21 2025
] Hero suffered 10 damage
[Mon May  5 23:14:22 2025
] Hero attacks Goblin for 10 damage!

[Mon May  5 23:14:22 2025
] Goblin suffered 10 damage
[Mon May  5 23:14:22 2025
] Goblin attacks Hero for 15 damage!

[Mon May  5 23:14:22 2025
] Hero suffered 10 damage
[Mon May  5 23:14:23 2025
] Hero attacks Goblin for 10 damage!

[Mon May  5 23:14:23 2025
] Goblin suffered 10 damage
[Mon May  5 23:14:23 2025
] Goblin attacks Hero for 15 damage!

[Mon May  5 23:14:23 2025
] Hero suffered 10 damage
[Mon May  5 23:14:24 2025
] Critical Hit! Hero strikes Goblin for 18 damage!

[Mon May  5 23:14:24 2025
] Goblin suffered 18 damage
[Mon May  5 23:14:24 2025
] Devastating Blow! Goblin hits Hero for 33 damage!

[Mon May  5 23:14:24 2025
] Hero suffered 28 damage
[Mon May  5 23:14:25 2025
] Critical Hit! Hero strikes Goblin for 18 damage!

[Mon May  5 23:14:25 2025
] Goblin suffered 18 damage
[Mon May  5 23:14:25 2025
] Hero defeated Goblin
[Mon May  5 23:14:25 2025
] Monster Goblin removed from game. Remaining monsters: 0
[Mon May  5 23:14:29 2025
] Encountered monster: Skeleton
[Mon May  5 23:14:34 2025
] Critical Hit! Hero strikes Skeleton for 18 damage!

[Mon May  5 23:14:34 2025
] Skeleton suffered 16 damage
[Mon May  5 23:14:34 2025
] Skeleton attacks Hero for 10 damage!

[Mon May  5 23:14:34 2025
] Hero suffered 5 damage
[Mon May  5 23:14:35 2025
] Hero attacks Skeleton for 10 damage!

[Mon May  5 23:14:35 2025
] Skeleton suffered 8 damage
[Mon May  5 23:14:35 2025
] Devastating Blow! Skeleton hits Hero for 22 damage!

[Mon May  5 23:14:35 2025
] Hero suffered 17 damage
[Mon May  5 23:14:36 2025
] Hero attacks Skeleton for 10 damage!

[Mon May  5 23:14:36 2025
] Skeleton suffered 8 damage
[Mon May  5 23:14:37 2025
] Skeleton attacks Hero for 10 damage!

[Mon May  5 23:14:37 2025
] Hero suffered 5 damage
[Mon May  5 23:14:37 2025
] Hero attacks Skeleton for 10 damage!

[Mon May  5 23:14:37 2025
] Skeleton suffered 8 damage
[Mon May  5 23:14:38 2025
] Devastating Blow! Skeleton hits Hero for 22 damage!

[Mon May  5 23:14:38 2025
] Hero suffered 17 damage
[Mon May  5 23:14:38 2025
] Hero attacks Skeleton for 10 damage!

[Mon May  5 23:14:38 2025
] Skeleton suffered 8 damage
[Mon May  5 23:14:39 2025
] Skeleton attacks Hero for 10 damage!

[Mon May  5 23:14:39 2025
] Hero suffered 5 damage
[Mon May  5 23:14:39 2025
] Hero attacks Skeleton for 10 damage!

[Mon May  5 23:14:39 2025
] Skeleton suffered 8 damage
[Mon May  5 23:14:40 2025
] Skeleton attacks Hero for 10 damage!

[Mon May  5 23:14:40 2025
] Hero suffered 5 damage
[Mon May  5 23:14:40 2025
] Hero attacks Skeleton for 10 damage!

[Mon May  5 23:14:40 2025
] Skeleton suffered 8 damage
[Mon May  5 23:14:41 2025
] Skeleton attacks Hero for 10 damage!

[Mon May  5 23:14:41 2025
] Hero suffered 5 damage
[Mon May  5 23:14:41 2025
] Critical Hit! Hero strikes Skeleton for 18 damage!

[Mon May  5 23:14:41 2025
] Skeleton suffered 16 damage
[Mon May  5 23:14:42 2025
] Skeleton attacks Hero for 10 damage!

[Mon May  5 23:14:42 2025
] Hero suffered 5 damage
[Mon May  5 23:14:42 2025
] Critical Hit! Hero strikes Skeleton for 18 damage!

[Mon May  5 23:14:42 2025
] Skeleton suffered 16 damage
[Mon May  5 23:14:43 2025
] Skeleton attacks Hero for 10 damage!

[Mon May  5 23:14:43 2025
] Hero suffered 5 damage
[Mon May  5 23:14:43 2025
] Critical Hit! Hero strikes Skeleton for 18 damage!

[Mon May  5 23:14:43 2025
] Skeleton suffered 16 damage
[Mon May  5 23:14:44 2025
] Hero defeated Skeleton
[Mon May  5 23:14:44 2025
] Hero stored Defense Potion in inventory.
[Mon May  5 23:14:44 2025
] Monster Skeleton removed from game. Remaining monsters: 0
[Mon May  5 23:14:44 2025
] Hero has been defeated.
Session started: Mon May  5 23:15:31 2025
[Mon May  5 23:15:31 2025
] Encountered monster: Goblin
[Mon May  5 23:15:32 2025
] Hero attacks Goblin for 10 damage!

[Mon May  5 23:15:32 2025
] Goblin suffered 10 damage
[Mon May  5 23:15:33 2025
] Devastating Blow! Goblin hits Hero for 33 damage!

[Mon May  5 23:15:33 2025
] Hero suffered 28 damage
[Mon May  5 23:15:33 2025
] Critical Hit! Hero strikes Goblin for 18 damage!

[Mon May  5 23:15:33 2025
] Goblin suffered 18 damage
[Mon May  5 23:15:34 2025
] Goblin attacks Hero for 15 damage!

[Mon May  5 23:15:34 2025
] Hero suffered 10 damage
[Mon May  5 23:15:34 2025
] Hero attacks Goblin for 10 damage!

[Mon May  5 23:15:34 2025
] Goblin suffered 10 damage
[Mon May  5 23:15:35 2025
] Goblin attacks Hero for 15 damage!

[Mon May  5 23:15:35 2025
] Hero suffered 10 damage
[Mon May  5 23:15:35 2025
] Hero attacks Goblin for 10 damage!

[Mon May  5 23:15:35 2025
] Goblin suffered 10 damage
[Mon May  5 23:15:36 2025
] Goblin attacks Hero for 15 damage!

[Mon May  5 23:15:36 2025
] Hero suffered 10 damage
[Mon May  5 23:15:36 2025
] Hero attacks Goblin for 10 damage!

[Mon May  5 23:15:36 2025
] Goblin suffered 10 damage
[Mon May  5 23:15:37 2025
] Hero defeated Goblin
[Mon May  5 23:15:37 2025
] Monster Goblin removed from game. Remaining monsters: 0
[Mon May  5 23:15:43 2025
] Encountered monster: Goblin
[Mon May  5 23:15:44 2025
] Hero attacks Goblin for 10 damage!

[Mon May  5 23:15:44 2025
] Goblin suffered 10 damage
[Mon May  5 23:15:45 2025
] Goblin attacks Hero for 15 damage!

[Mon May  5 23:15:45 2025
] Hero suffered 10 damage
[Mon May  5 23:15:45 2025
] Hero attacks Goblin for 10 damage!

[Mon May  5 23:15:45 2025
] Goblin suffered 10 damage
[Mon May  5 23:15:46 2025
] Goblin attacks Hero for 15 damage!

[Mon May  5 23:15:46 2025
] Hero suffered 10 damage
[Mon May  5 23:15:46 2025
] Hero attacks Goblin for 10 damage!

[Mon May  5 23:15:46 2025
] Goblin suffered 10 damage
[Mon May  5 23:15:47 2025
] Goblin attacks Hero for 15 damage!

[Mon May  5 23:15:47 2025
] Hero suffered 10 damage
[Mon May  5 23:15:47 2025
] Hero attacks Goblin for 10 damage!

[Mon May  5 23:15:47 2025
] Goblin suffered 10 damage
[Mon May  5 23:15:48 2025
] Goblin attacks Hero for 15 damage!

[Mon May  5 23:15:48 2025
] Hero suffered 10 damage
[Mon May  5 23:15:48 2025
] Hero attacks Goblin for 10 damage!

[Mon May  5 23:15:48 2025
] Goblin suffered 10 damage
[Mon May  5 23:15:49 2025
] Hero advanced to level 1, health restored, gained +17 attack

[Mon May  5 23:15:49 2025
] Hero defeated Goblin
[Mon May  5 23:15:49 2025
] Hero stored Defense Potion in inventory.
[Mon May  5 23:15:49 2025
] Monster Goblin removed from game. Remaining monsters: 0
[Mon May  5 23:16:00 2025
] Hero defense increased by 5

[Mon May  5 23:16:00 2025
] Hero discarded Defense Potion from inventory.
[Mon May  5 23:16:03 2025
] Encountered monster: Goblin
[Mon May  5 23:16:05 2025
] Hero attacks Goblin for 27 damage!

[Mon May  5 23:16:05 2025
] Goblin suffered 27 damage
[Mon May  5 23:16:05 2025
] Devastating Blow! Goblin hits Hero for 33 damage!

[Mon May  5 23:16:05 2025
] Hero suffered 23 damage
[Mon May  5 23:16:06 2025
] Hero attacks Goblin for 27 damage!

[Mon May  5 23:16:06 2025
] Goblin suffered 27 damage
[Mon May  5 23:16:07 2025
] Hero defeated Goblin
[Mon May  5 23:16:07 2025
] Hero stored Defense Potion in inventory.
[Mon May  5 23:16:07 2025
] Monster Goblin removed from game. Remaining monsters: 0
[Mon May  5 23:16:14 2025
] Hero defense increased by 5

[Mon May  5 23:16:14 2025
] Hero discarded Defense Potion from inventory.
[Mon May  5 23:16:18 2025
] Encountered monster: Goblin
[Mon May  5 23:16:20 2025
] Encountered monster: Skeleton
[Mon May  5 23:16:21 2025
] Hero attacks Goblin for 27 damage!

[Mon May  5 23:16:21 2025
] Goblin suffered 27 damage
[Mon May  5 23:16:21 2025
] Devastating Blow! Goblin hits Hero for 33 damage!

[Mon May  5 23:16:21 2025
] Hero suffered 18 damage
[Mon May  5 23:16:22 2025
] Hero attacks Goblin for 27 damage!

[Mon May  5 23:16:22 2025
] Goblin suffered 27 damage
[Mon May  5 23:16:22 2025
] Hero advanced to level 2, health restored, gained +15 attack

[Mon May  5 23:16:22 2025
] Hero defeated Goblin
[Mon May  5 23:16:22 2025
] Hero stored Healing Potion in inventory.
[Mon May  5 23:16:22 2025
] Monster Goblin removed from game. Remaining monsters: 1
[Mon May  5 23:16:26 2025
] Hero attacks Skeleton for 42 damage!

[Mon May  5 23:16:26 2025
] Skeleton suffered 40 damage
[Mon May  5 23:16:27 2025
] Skeleton attacks Hero for 10 damage!

[Mon May  5 23:16:27 2025
] Hero suffered 1 damage
[Mon May  5 23:16:27 2025
] Hero attacks Skeleton for 42 damage!

[Mon May  5 23:16:27 2025
] Skeleton suffered 40 damage
[Mon May  5 23:16:28 2025
] Skeleton attacks Hero for 10 damage!

[Mon May  5 23:16:28 2025
] Hero suffered 1 damage
[Mon May  5 23:16:28 2025
] Hero attacks Skeleton for 42 damage!

[Mon May  5 23:16:28 2025
] Skeleton suffered 40 damage
[Mon May  5 23:16:29 2025
] Hero defeated Skeleton
[Mon May  5 23:16:29 2025
] Monster Skeleton removed from game. Remaining monsters: 0
[Mon May  5 23:16:34 2025
] Hero recovered 50 health

[Mon May  5 23:16:34 2025
] Hero discarded Healing Potion from inventory.
[Mon May  5 23:16:37 2025
] Encountered monster: Goblin
[Mon May  5 23:16:38 2025
] Encountered monster: Skeleton
[Mon May  5 23:16:39 2025
] Encountered monster: Skeleton
[Mon May  5 23:16:40 2025
] Encountered monster: Skeleton
[Mon May  5 23:16:42 2025
] Encountered monster: Goblin
[Mon May  5 23:16:43 2025
] Hero attacks Goblin for 42 damage!

[Mon May  5 23:16:43 2025
] Goblin suffered 42 damage
[Mon May  5 23:16:43 2025
] Devastating Blow! Goblin hits Hero for 33 damage!

[Mon May  5 23:16:43 2025
] Hero suffered 18 damage
[Mon May  5 23:16:44 2025
] Hero attacks Goblin for 42 damage!

[Mon May  5 23:16:44 2025
] Goblin suffered 42 damage
[Mon May  5 23:16:44 2025
] Hero defeated Goblin
[Mon May  5 23:16:44 2025
] Hero stored Attack Potion in inventory.
[Mon May  5 23:16:44 2025
] Monster Goblin removed from game. Remaining monsters: 4
[Mon May  5 23:16:45 2025
] Hero attacks Skeleton for 42 damage!

[Mon May  5 23:16:45 2025
] Skeleton suffered 40 damage
[Mon May  5 23:16:45 2025
] Skeleton attacks Hero for 10 damage!

[Mon May  5 23:16:45 2025
] Hero suffered 1 damage
[Mon May  5 23:16:46 2025
] Hero attacks Skeleton for 42 damage!

[Mon May  5 23:16:46 2025
] Skeleton suffered 40 damage
[Mon May  5 23:16:46 2025
] Skeleton attacks Hero for 10 damage!

[Mon May  5 23:16:46 2025
] Hero suffered 1 damage
[Mon May  5 23:16:47 2025
] Hero attacks Skeleton for 42 damage!

[Mon May  5 23:16:47 2025
] Skeleton suffered 40 damage
[Mon May  5 23:16:48 2025
] Hero defeated Skeleton
[Mon May  5 23:16:48 2025
] Monster Skeleton removed from game. Remaining monsters: 3
[Mon May  5 23:16:49 2025
] Hero attacks Skeleton for 42 damage!

[Mon May  5 23:16:49 2025
] Skeleton suffered 40 damage
[Mon May  5 23:16:49 2025
] Skeleton attacks Hero for 10 damage!

[Mon May  5 23:16:49 2025
] Hero suffered 1 damage
[Mon May  5 23:16:50 2025
] Critical Hit! Hero strikes Skeleton for 75 damage!

[Mon May  5 23:16:50 2025
] Skeleton suffered 73 damage
[Mon May  5 23:16:50 2025
] Hero advanced to level 3, health restored, gained +20 attack

[Mon May  5 23:16:50 2025
] Hero defeated Skeleton
[Mon May  5 23:16:50 2025
] Monster Skeleton removed from game. Remaining monsters: 2
[Mon May  5 23:16:51 2025
] Hero attacks Skeleton for 62 damage!

[Mon May  5 23:16:51 2025
] Skeleton suffered 60 damage
[Mon May  5 23:16:51 2025
] Devastating Blow! Skeleton hits Hero for 22 damage!

[Mon May  5 23:16:51 2025
] Hero suffered 7 damage
[Mon May  5 23:16:52 2025
] Hero attacks Skeleton for 62 damage!

[Mon May  5 23:16:52 2025
] Skeleton suffered 60 damage
[Mon May  5 23:16:53 2025
] Hero defeated Skeleton
[Mon May  5 23:16:53 2025
] Hero stored Healing Potion in inventory.
[Mon May  5 23:16:53 2025
] Monster Skeleton removed from game. Remaining monsters: 1
[Mon May  5 23:16:57 2025
] Hero attack increased by 10

[Mon May  5 23:16:57 2025
] Hero discarded Attack Potion from inventory.
[Mon May  5 23:17:05 2025
] Hero recovered 50 health

[Mon May  5 23:17:05 2025
] Hero discarded Healing Potion from inventory.
[Mon May  5 23:17:07 2025
] Hero attacks Goblin for 72 damage!

[Mon May  5 23:17:07 2025
] Goblin suffered 72 damage
[Mon May  5 23:17:08 2025
] Hero defeated Goblin
[Mon May  5 23:17:08 2025
] Hero stored Attack Potion in inventory.
[Mon May  5 23:17:08 2025
] Monster Goblin removed from game. Remaining monsters: 0
[Mon May  5 23:17:10 2025
] Encountered monster: Goblin
[Mon May  5 23:17:11 2025
] Encountered monster: Skeleton
[Mon May  5 23:17:12 2025
] Encountered monster: Skeleton
[Mon May  5 23:17:13 2025
] Hero attacks Goblin for 72 damage!

[Mon May  5 23:17:13 2025
] Goblin suffered 72 damage
[Mon May  5 23:17:14 2025
] Hero defeated Goblin
[Mon May  5 23:17:14 2025
] Monster Goblin removed from game. Remaining monsters: 2
[Mon May  5 23:17:15 2025
] Critical Hit! Hero strikes Skeleton for 129 damage!

[Mon May  5 23:17:15 2025
] Skeleton suffered 127 damage
[Mon May  5 23:17:15 2025
] Hero defeated Skeleton
[Mon May  5 23:17:15 2025
] Hero stored Healing Potion in inventory.
[Mon May  5 23:17:15 2025
] Monster Skeleton removed from game. Remaining monsters: 1
[Mon May  5 23:17:17 2025
] Hero attacks Skeleton for 72 damage!

[Mon May  5 23:17:17 2025
] Skeleton suffered 70 damage
[Mon May  5 23:17:17 2025
] Skeleton attacks Hero for 10 damage!

[Mon May  5 23:17:17 2025
] Hero suffered 1 damage
[Mon May  5 23:17:18 2025
] Hero attacks Skeleton for 72 damage!

[Mon May  5 23:17:18 2025
] Skeleton suffered 70 damage
[Mon May  5 23:17:18 2025
] Hero defeated Skeleton
[Mon May  5 23:17:18 2025
] Monster Skeleton removed from game. Remaining monsters: 0
Session started: Tue May  6 00:14:17 2025
[Tue May  6 00:14:17 2025
] Encountered monster: Goblin
Session started: Tue May  6 00:15:35 2025
[Tue May  6 00:15:35 2025
] Encountered monster: Goblin
Session started: Tue May  6 00:15:51 2025
[Tue May  6 00:15:51 2025
] Encountered monster: Goblin
[Tue May  6 00:15:54 2025
] Hero attacks Goblin for 10 damage!

[Tue May  6 00:15:54 2025
] Goblin suffered 10 damage
[Tue May  6 00:15:54 2025
] Goblin attacks Hero for 15 damage!

[Tue May  6 00:15:54 2025
] Hero suffered 10 damage
[Tue May  6 00:15:55 2025
] Hero attacks Goblin for 10 damage!

[Tue May  6 00:15:55 2025
] Goblin suffered 10 damage
[Tue May  6 00:15:55 2025
] Goblin attacks Hero for 15 damage!

[Tue May  6 00:15:55 2025
] Hero suffered 10 damage
[Tue May  6 00:15:56 2025
] Hero attacks Goblin for 10 damage!

[Tue May  6 00:15:56 2025
] Goblin suffered 10 damage
[Tue May  6 00:15:56 2025
] Goblin attacks Hero for 15 damage!

[Tue May  6 00:15:56 2025
] Hero suffered 10 damage
[Tue May  6 00:15:57 2025
] Critical Hit! Hero strikes Goblin for 18 damage!

[Tue May  6 00:15:57 2025
] Goblin suffered 18 damage
[Tue May  6 00:15:57 2025
] Goblin attacks Hero for 15 damage!

[Tue May  6 00:15:57 2025
] Hero suffered 10 damage
[Tue May  6 00:15:58 2025
] Critical Hit! Hero strikes Goblin for 18 damage!

[Tue May  6 00:15:58 2025
] Goblin suffered 18 damage
[Tue May  6 00:15:59 2025
] Hero defeated Goblin
[Tue May  6 00:15:59 2025
] Hero stored Attack Potion in inventory.
[Tue May  6 00:15:59 2025
] Monster Goblin removed from game. Remaining monsters: 0
[Tue May  6 00:16:03 2025
] Encountered monster: Goblin
[Tue May  6 00:16:08 2025
] Hero attack increased by 10

[Tue May  6 00:16:08 2025
] Hero discarded Attack Potion from inventory.
[Tue May  6 00:16:12 2025
] Hero attacks Goblin for 20 damage!

[Tue May  6 00:16:12 2025
] Goblin suffered 20 damage
[Tue May  6 00:16:12 2025
] Goblin attacks Hero for 15 damage!

[Tue May  6 00:16:12 2025
] Hero suffered 10 damage
[Tue May  6 00:16:13 2025
] Hero attacks Goblin for 20 damage!

[Tue May  6 00:16:13 2025
] Goblin suffered 20 damage
[Tue May  6 00:16:13 2025
] Goblin attacks Hero for 15 damage!

[Tue May  6 00:16:13 2025
] Hero suffered 10 damage
[Tue May  6 00:16:14 2025
] Critical Hit! Hero strikes Goblin for 36 damage!

[Tue May  6 00:16:14 2025
] Goblin suffered 36 damage
[Tue May  6 00:16:15 2025
] Hero defeated Goblin
[Tue May  6 00:16:15 2025
] Hero stored Defense Potion in inventory.
[Tue May  6 00:16:15 2025
] Monster Goblin removed from game. Remaining monsters: 0
[Tue May  6 00:16:22 2025
] Hero defense increased by 5

[Tue May  6 00:16:22 2025
] Hero discarded Defense Potion from inventory.
[Tue May  6 00:16:28 2025
] Encountered monster: Skeleton
[Tue May  6 00:16:29 2025
] Encountered monster: Skeleton
[Tue May  6 00:16:30 2025
] Hero attacks Skeleton for 20 damage!

[Tue May  6 00:16:30 2025
] Skeleton suffered 18 damage
[Tue May  6 00:16:30 2025
] Skeleton attacks Hero for 10 damage!

[Tue May  6 00:16:30 2025
] Hero suffered 1 damage
[Tue May  6 00:16:31 2025
] Hero attacks Skeleton for 20 damage!

[Tue May  6 00:16:31 2025
] Skeleton suffered 18 damage
[Tue May  6 00:16:31 2025
] Devastating Blow! Skeleton hits Hero for 22 damage!

[Tue May  6 00:16:31 2025
] Hero suffered 12 damage
[Tue May  6 00:16:32 2025
] Critical Hit! Hero strikes Skeleton for 36 damage!

[Tue May  6 00:16:32 2025
] Skeleton suffered 34 damage
[Tue May  6 00:16:32 2025
] Skeleton attacks Hero for 10 damage!

[Tue May  6 00:16:32 2025
] Hero suffered 1 damage
[Tue May  6 00:16:33 2025
] Hero attacks Skeleton for 20 damage!

[Tue May  6 00:16:33 2025
] Skeleton suffered 18 damage
[Tue May  6 00:16:33 2025
] Skeleton attacks Hero for 10 damage!

[Tue May  6 00:16:33 2025
] Hero suffered 1 damage
[Tue May  6 00:16:34 2025
] Hero attacks Skeleton for 20 damage!

[Tue May  6 00:16:34 2025
] Skeleton suffered 18 damage
[Tue May  6 00:16:35 2025
] Hero defeated Skeleton
[Tue May  6 00:16:35 2025
] Monster Skeleton removed from game. Remaining monsters: 1
[Tue May  6 00:16:39 2025
] Hero attacks Skeleton for 20 damage!

[Tue May  6 00:16:39 2025
] Skeleton suffered 18 damage
[Tue May  6 00:16:40 2025
] Devastating Blow! Skeleton hits Hero for 22 damage!

[Tue May  6 00:16:40 2025
] Hero suffered 12 damage
[Tue May  6 00:16:40 2025
] Hero attacks Skeleton for 20 damage!

[Tue May  6 00:16:40 2025
] Skeleton suffered 18 damage
[Tue May  6 00:16:41 2025
] Skeleton attacks Hero for 10 damage!

[Tue May  6 00:16:41 2025
] Hero suffered 1 damage
[Tue May  6 00:16:42 2025
] Critical Hit! Hero strikes Skeleton for 36 damage!

[Tue May  6 00:16:42 2025
] Skeleton suffered 34 damage
[Tue May  6 00:16:42 2025
] Devastating Blow! Skeleton hits Hero for 22 damage!

[Tue May  6 00:16:42 2025
] Hero suffered 12 damage
[Tue May  6 00:16:43 2025
] Hero defeated Skeleton
[Tue May  6 00:16:43 2025
] Monster Skeleton removed from game. Remaining monsters: 0
[Tue May  6 00:16:43 2025
] Hero has been defeated.
Session started: Tue May  6 18:22:57 2025
[Tue May  6 18:22:57 2025
] Encountered monster: Goblin
[Tue May  6 18:23:04 2025
] Hero attacks Goblin for 10 damage!

[Tue May  6 18:23:04 2025
] Goblin suffered 10 damage
[Tue May  6 18:23:05 2025
] Goblin attacks Hero for 15 damage!

[Tue May  6 18:23:05 2025
] Hero suffered 10 damage
[Tue May  6 18:23:06 2025
] Critical Hit! Hero strikes Goblin for 18 damage!

[Tue May  6 18:23:06 2025
] Goblin suffered 18 damage
[Tue May  6 18:23:06 2025
] Devastating Blow! Goblin hits Hero for 33 damage!

[Tue May  6 18:23:06 2025
] Hero suffered 28 damage
[Tue May  6 18:23:07 2025
] Hero attacks Goblin for 10 damage!

[Tue May  6 18:23:07 2025
] Goblin suffered 10 damage
[Tue May  6 18:23:07 2025
] Goblin attacks Hero for 15 damage!

[Tue May  6 18:23:07 2025
] Hero suffered 10 damage
[Tue May  6 18:23:08 2025
] Hero attacks Goblin for 10 damage!

[Tue May  6 18:23:08 2025
] Goblin suffered 10 damage
[Tue May  6 18:23:08 2025
] Goblin attacks Hero for 15 damage!

[Tue May  6 18:23:08 2025
] Hero suffered 10 damage
[Tue May  6 18:23:09 2025
] Critical Hit! Hero strikes Goblin for 18 damage!

[Tue May  6 18:23:09 2025
] Goblin suffered 18 damage
[Tue May  6 18:23:09 2025
] Hero defeated Goblin
[Tue May  6 18:23:09 2025
] Hero stored Defense Potion in inventory.
[Tue May  6 18:23:09 2025
] Monster Goblin removed from game. Remaining monsters: 0
Session started: Wed May  7 00:54:06 2025
[Wed May  7 00:54:06 2025
] Encountered monster: Goblin
