  Система контроля доступа.cpp
C:\Users\Maxine\OneDrive\Рабочий стол\c++ obj\10 Система контроля доступа\Система контроля доступа\Система контроля доступа\Система контроля доступа.cpp(382,72): warning C4267: 'argument': conversion from 'size_t' to '_Ty', possible loss of data
C:\Users\Maxine\OneDrive\Рабочий стол\c++ obj\10 Система контроля доступа\Система контроля доступа\Система контроля доступа\Система контроля доступа.cpp(382,72): warning C4267:         with
C:\Users\Maxine\OneDrive\Рабочий стол\c++ obj\10 Система контроля доступа\Система контроля доступа\Система контроля доступа\Система контроля доступа.cpp(382,72): warning C4267:         [
C:\Users\Maxine\OneDrive\Рабочий стол\c++ obj\10 Система контроля доступа\Система контроля доступа\Система контроля доступа\Система контроля доступа.cpp(382,72): warning C4267:             _Ty=int
C:\Users\Maxine\OneDrive\Рабочий стол\c++ obj\10 Система контроля доступа\Система контроля доступа\Система контроля доступа\Система контроля доступа.cpp(382,72): warning C4267:         ]
C:\Users\Maxine\OneDrive\Рабочий стол\c++ obj\10 Система контроля доступа\Система контроля доступа\Система контроля доступа\Система контроля доступа.cpp(383,70): warning C4267: 'argument': conversion from 'size_t' to '_Ty', possible loss of data
C:\Users\Maxine\OneDrive\Рабочий стол\c++ obj\10 Система контроля доступа\Система контроля доступа\Система контроля доступа\Система контроля доступа.cpp(383,70): warning C4267:         with
C:\Users\Maxine\OneDrive\Рабочий стол\c++ obj\10 Система контроля доступа\Система контроля доступа\Система контроля доступа\Система контроля доступа.cpp(383,70): warning C4267:         [
C:\Users\Maxine\OneDrive\Рабочий стол\c++ obj\10 Система контроля доступа\Система контроля доступа\Система контроля доступа\Система контроля доступа.cpp(383,70): warning C4267:             _Ty=int
C:\Users\Maxine\OneDrive\Рабочий стол\c++ obj\10 Система контроля доступа\Система контроля доступа\Система контроля доступа\Система контроля доступа.cpp(383,70): warning C4267:         ]
C:\Users\Maxine\OneDrive\Рабочий стол\c++ obj\10 Система контроля доступа\Система контроля доступа\Система контроля доступа\Система контроля доступа.cpp(384,64): warning C4267: 'argument': conversion from 'size_t' to '_Ty', possible loss of data
C:\Users\Maxine\OneDrive\Рабочий стол\c++ obj\10 Система контроля доступа\Система контроля доступа\Система контроля доступа\Система контроля доступа.cpp(384,64): warning C4267:         with
C:\Users\Maxine\OneDrive\Рабочий стол\c++ obj\10 Система контроля доступа\Система контроля доступа\Система контроля доступа\Система контроля доступа.cpp(384,64): warning C4267:         [
C:\Users\Maxine\OneDrive\Рабочий стол\c++ obj\10 Система контроля доступа\Система контроля доступа\Система контроля доступа\Система контроля доступа.cpp(384,64): warning C4267:             _Ty=int
C:\Users\Maxine\OneDrive\Рабочий стол\c++ obj\10 Система контроля доступа\Система контроля доступа\Система контроля доступа\Система контроля доступа.cpp(384,64): warning C4267:         ]
C:\Users\Maxine\OneDrive\Рабочий стол\c++ obj\10 Система контроля доступа\Система контроля доступа\Система контроля доступа\Система контроля доступа.cpp(385,68): warning C4267: 'argument': conversion from 'size_t' to '_Ty', possible loss of data
C:\Users\Maxine\OneDrive\Рабочий стол\c++ obj\10 Система контроля доступа\Система контроля доступа\Система контроля доступа\Система контроля доступа.cpp(385,68): warning C4267:         with
C:\Users\Maxine\OneDrive\Рабочий стол\c++ obj\10 Система контроля доступа\Система контроля доступа\Система контроля доступа\Система контроля доступа.cpp(385,68): warning C4267:         [
C:\Users\Maxine\OneDrive\Рабочий стол\c++ obj\10 Система контроля доступа\Система контроля доступа\Система контроля доступа\Система контроля доступа.cpp(385,68): warning C4267:             _Ty=int
C:\Users\Maxine\OneDrive\Рабочий стол\c++ obj\10 Система контроля доступа\Система контроля доступа\Система контроля доступа\Система контроля доступа.cpp(385,68): warning C4267:         ]
C:\Users\Maxine\OneDrive\Рабочий стол\c++ obj\10 Система контроля доступа\Система контроля доступа\Система контроля доступа\Система контроля доступа.cpp(386,66): warning C4267: 'argument': conversion from 'size_t' to '_Ty', possible loss of data
C:\Users\Maxine\OneDrive\Рабочий стол\c++ obj\10 Система контроля доступа\Система контроля доступа\Система контроля доступа\Система контроля доступа.cpp(386,66): warning C4267:         with
C:\Users\Maxine\OneDrive\Рабочий стол\c++ obj\10 Система контроля доступа\Система контроля доступа\Система контроля доступа\Система контроля доступа.cpp(386,66): warning C4267:         [
C:\Users\Maxine\OneDrive\Рабочий стол\c++ obj\10 Система контроля доступа\Система контроля доступа\Система контроля доступа\Система контроля доступа.cpp(386,66): warning C4267:             _Ty=int
C:\Users\Maxine\OneDrive\Рабочий стол\c++ obj\10 Система контроля доступа\Система контроля доступа\Система контроля доступа\Система контроля доступа.cpp(386,66): warning C4267:         ]
  Система контроля доступа.vcxproj -> C:\Users\Maxine\OneDrive\Рабочий стол\c++ obj\10 Система контроля доступа\Система контроля доступа\x64\Debug\Система контроля доступа.exe
